<?xml version="1.0" encoding="UTF-8"?>
<!-- Generated by org.testng.reporters.JUnitXMLReporter -->
<testsuite hostname="G10GNLT049" name="ARCCVisualTest" tests="1" failures="1" timestamp="6 Aug 2018 11:32:28 GMT" time="21.788" errors="0">
  <testcase name="ARCLandingPage" time="3.274" classname="com.arc.testcases.ARCLandingPageTest">
    <failure type="java.lang.Error" message="java.lang.NullPointerException">
      <![CDATA[java.lang.Error: java.lang.NullPointerException
	at org.im4java.core.ImageCommand.run(ImageCommand.java:219)
	at com.arc.driver.CommonMethod.compareImagesWithImageMagick(CommonMethod.java:1038)
	at com.arc.driver.CommonMethod.doComparison(CommonMethod.java:1063)
	at com.arc.ReusableMethods.ReusableMethodLandingPage.LandingPageARC(ReusableMethodLandingPage.java:19)
	at com.arc.testcases.ARCLandingPageTest.ARCLandingPage(ARCLandingPageTest.java:20)
... Removed 24 stack frames]]>
    </failure>
  </testcase> <!-- ARCLandingPage -->
</testsuite> <!-- ARCCVisualTest -->
