<?xml version="1.0" encoding="UTF-8"?>
<!-- Generated by org.testng.reporters.JUnitXMLReporter -->
<testsuite hostname="G10GNLT049" name="USGBCVisualTest" tests="1" failures="1" timestamp="6 Aug 2018 05:38:19 GMT" time="38.03" errors="0">
  <testcase name="USGBCHeaderLinkEducation" time="15.095" classname="com.usgbc.testcases.LandingPage.USGBCHeaderLinkEducationTest">
    <failure type="java.lang.Error" message="java.lang.NullPointerException">
      <![CDATA[java.lang.Error: java.lang.NullPointerException
	at org.im4java.core.ImageCommand.run(ImageCommand.java:219)
	at com.usgbc.driver.CommonMethod.compareImagesWithImageMagick(CommonMethod.java:1038)
	at com.usgbc.driver.CommonMethod.doComparison(CommonMethod.java:1063)
	at com.usgbc.ReusableMethods.ReusableMethodHeaderLinks.headerLinkEducation(ReusableMethodHeaderLinks.java:123)
	at com.usgbc.testcases.LandingPage.USGBCHeaderLinkEducationTest.USGBCHeaderLinkEducation(USGBCHeaderLinkEducationTest.java:21)
... Removed 24 stack frames]]>
    </failure>
  </testcase> <!-- USGBCHeaderLinkEducation -->
</testsuite> <!-- USGBCVisualTest -->
