<?xml version="1.0" encoding="UTF-8"?>
<testng-results skipped="0" failed="1" total="1" passed="0">
  <reporter-output>
  </reporter-output>
  <suite name="VisualTest" duration-ms="21788" started-at="2018-08-06T11:32:06Z" finished-at="2018-08-06T11:32:28Z">
    <groups>
    </groups>
    <test name="ARCCVisualTest" duration-ms="21788" started-at="2018-08-06T11:32:06Z" finished-at="2018-08-06T11:32:28Z">
      <class name="com.arc.testcases.ARCLandingPageTest">
        <test-method status="PASS" signature="setup(java.lang.String, java.lang.String)[pri:0, instance:com.arc.testcases.ARCLandingPageTest@42dafa95]" name="setup" is-config="true" duration-ms="17429" started-at="2018-08-06T17:02:06Z" finished-at="2018-08-06T17:02:24Z">
          <params>
            <param index="0">
              <value>
                <![CDATA[chrome]]>
              </value>
            </param>
            <param index="1">
              <value>
                <![CDATA[staging]]>
              </value>
            </param>
          </params>
          <reporter-output>
          </reporter-output>
        </test-method> <!-- setup -->
        <test-method status="FAIL" signature="ARCLandingPage()[pri:0, instance:com.arc.testcases.ARCLandingPageTest@42dafa95]" name="ARCLandingPage" duration-ms="3274" started-at="2018-08-06T17:02:24Z" finished-at="2018-08-06T17:02:27Z">
          <exception class="java.lang.Error">
            <message>
              <![CDATA[java.lang.NullPointerException]]>
            </message>
            <full-stacktrace>
              <![CDATA[java.lang.Error: java.lang.NullPointerException
	at org.im4java.core.ImageCommand.run(ImageCommand.java:219)
	at com.arc.driver.CommonMethod.compareImagesWithImageMagick(CommonMethod.java:1038)
	at com.arc.driver.CommonMethod.doComparison(CommonMethod.java:1063)
	at com.arc.ReusableMethods.ReusableMethodLandingPage.LandingPageARC(ReusableMethodLandingPage.java:19)
	at com.arc.testcases.ARCLandingPageTest.ARCLandingPage(ARCLandingPageTest.java:20)
	at sun.reflect.NativeMethodAccessorImpl.invoke0(Native Method)
	at sun.reflect.NativeMethodAccessorImpl.invoke(Unknown Source)
	at sun.reflect.DelegatingMethodAccessorImpl.invoke(Unknown Source)
	at java.lang.reflect.Method.invoke(Unknown Source)
	at org.testng.internal.MethodInvocationHelper.invokeMethod(MethodInvocationHelper.java:85)
	at org.testng.internal.Invoker.invokeMethod(Invoker.java:639)
	at org.testng.internal.Invoker.invokeTestMethod(Invoker.java:816)
	at org.testng.internal.Invoker.invokeTestMethods(Invoker.java:1124)
	at org.testng.internal.TestMethodWorker.invokeTestMethods(TestMethodWorker.java:125)
	at org.testng.internal.TestMethodWorker.run(TestMethodWorker.java:108)
	at org.testng.TestRunner.privateRun(TestRunner.java:774)
	at org.testng.TestRunner.run(TestRunner.java:624)
	at org.testng.SuiteRunner.runTest(SuiteRunner.java:359)
	at org.testng.SuiteRunner.runSequentially(SuiteRunner.java:354)
	at org.testng.SuiteRunner.privateRun(SuiteRunner.java:312)
	at org.testng.SuiteRunner.run(SuiteRunner.java:261)
	at org.testng.SuiteRunnerWorker.runSuite(SuiteRunnerWorker.java:52)
	at org.testng.SuiteRunnerWorker.run(SuiteRunnerWorker.java:86)
	at org.testng.TestNG.runSuitesSequentially(TestNG.java:1191)
	at org.testng.TestNG.runSuitesLocally(TestNG.java:1116)
	at org.testng.TestNG.run(TestNG.java:1024)
	at org.testng.remote.AbstractRemoteTestNG.run(AbstractRemoteTestNG.java:132)
	at org.testng.remote.RemoteTestNG.initAndRun(RemoteTestNG.java:230)
	at org.testng.remote.RemoteTestNG.main(RemoteTestNG.java:76)
]]>
            </full-stacktrace>
          </exception> <!-- java.lang.Error -->
          <reporter-output>
          </reporter-output>
        </test-method> <!-- ARCLandingPage -->
        <test-method status="PASS" signature="setupTestMethod(java.lang.reflect.Method)[pri:0, instance:com.arc.testcases.ARCLandingPageTest@42dafa95]" name="setupTestMethod" is-config="true" duration-ms="0" started-at="2018-08-06T17:02:24Z" finished-at="2018-08-06T17:02:24Z">
          <params>
            <param index="0">
              <value>
                <![CDATA[public void com.arc.testcases.ARCLandingPageTest.ARCLandingPage() throws java.io.IOException]]>
              </value>
            </param>
          </params>
          <reporter-output>
          </reporter-output>
        </test-method> <!-- setupTestMethod -->
        <test-method status="PASS" signature="end()[pri:0, instance:com.arc.testcases.ARCLandingPageTest@42dafa95]" name="end" is-config="true" duration-ms="1080" started-at="2018-08-06T17:02:27Z" finished-at="2018-08-06T17:02:28Z">
          <reporter-output>
          </reporter-output>
        </test-method> <!-- end -->
      </class> <!-- com.arc.testcases.ARCLandingPageTest -->
    </test> <!-- ARCCVisualTest -->
  </suite> <!-- VisualTest -->
</testng-results>
